Determining if the pthread_create exist failed with the following output:
Change Dir: /home/nhamtung/TungNV/MyDrone/avoidence_ws/build/safe_landing_planner/CMakeFiles/CMakeTmp

Run Build Command:"/usr/bin/make" "cmTC_4b3ee/fast"
/usr/bin/make -f CMakeFiles/cmTC_4b3ee.dir/build.make CMakeFiles/cmTC_4b3ee.dir/build
make[1]: Entering directory '/home/nhamtung/TungNV/MyDrone/avoidence_ws/build/safe_landing_planner/CMakeFiles/CMakeTmp'
Building C object CMakeFiles/cmTC_4b3ee.dir/CheckSymbolExists.c.o
/usr/bin/cc    -o CMakeFiles/cmTC_4b3ee.dir/CheckSymbolExists.c.o   -c /home/nhamtung/TungNV/MyDrone/avoidence_ws/build/safe_landing_planner/CMakeFiles/CMakeTmp/CheckSymbolExists.c
Linking C executable cmTC_4b3ee
/usr/bin/cmake -E cmake_link_script CMakeFiles/cmTC_4b3ee.dir/link.txt --verbose=1
/usr/bin/cc      -rdynamic CMakeFiles/cmTC_4b3ee.dir/CheckSymbolExists.c.o  -o cmTC_4b3ee 
CMakeFiles/cmTC_4b3ee.dir/CheckSymbolExists.c.o: In function `main':
CheckSymbolExists.c:(.text+0x1b): undefined reference to `pthread_create'
collect2: error: ld returned 1 exit status
CMakeFiles/cmTC_4b3ee.dir/build.make:97: recipe for target 'cmTC_4b3ee' failed
make[1]: *** [cmTC_4b3ee] Error 1
make[1]: Leaving directory '/home/nhamtung/TungNV/MyDrone/avoidence_ws/build/safe_landing_planner/CMakeFiles/CMakeTmp'
Makefile:126: recipe for target 'cmTC_4b3ee/fast' failed
make: *** [cmTC_4b3ee/fast] Error 2

File /home/nhamtung/TungNV/MyDrone/avoidence_ws/build/safe_landing_planner/CMakeFiles/CMakeTmp/CheckSymbolExists.c:
/* */
#include <pthread.h>

int main(int argc, char** argv)
{
  (void)argv;
#ifndef pthread_create
  return ((int*)(&pthread_create))[argc];
#else
  (void)argc;
  return 0;
#endif
}

Determining if the function pthread_create exists in the pthreads failed with the following output:
Change Dir: /home/nhamtung/TungNV/MyDrone/avoidence_ws/build/safe_landing_planner/CMakeFiles/CMakeTmp

Run Build Command:"/usr/bin/make" "cmTC_48344/fast"
/usr/bin/make -f CMakeFiles/cmTC_48344.dir/build.make CMakeFiles/cmTC_48344.dir/build
make[1]: Entering directory '/home/nhamtung/TungNV/MyDrone/avoidence_ws/build/safe_landing_planner/CMakeFiles/CMakeTmp'
Building C object CMakeFiles/cmTC_48344.dir/CheckFunctionExists.c.o
/usr/bin/cc   -DCHECK_FUNCTION_EXISTS=pthread_create   -o CMakeFiles/cmTC_48344.dir/CheckFunctionExists.c.o   -c /usr/share/cmake-3.10/Modules/CheckFunctionExists.c
Linking C executable cmTC_48344
/usr/bin/cmake -E cmake_link_script CMakeFiles/cmTC_48344.dir/link.txt --verbose=1
/usr/bin/cc  -DCHECK_FUNCTION_EXISTS=pthread_create    -rdynamic CMakeFiles/cmTC_48344.dir/CheckFunctionExists.c.o  -o cmTC_48344 -lpthreads 
/usr/bin/ld: cannot find -lpthreads
collect2: error: ld returned 1 exit status
CMakeFiles/cmTC_48344.dir/build.make:97: recipe for target 'cmTC_48344' failed
make[1]: *** [cmTC_48344] Error 1
make[1]: Leaving directory '/home/nhamtung/TungNV/MyDrone/avoidence_ws/build/safe_landing_planner/CMakeFiles/CMakeTmp'
Makefile:126: recipe for target 'cmTC_48344/fast' failed
make: *** [cmTC_48344/fast] Error 2


